<?xml version="1.0" encoding="UTF-8"?>
<testsuite xmlns:xsi="http://www.w3.org/2001/XMLSchema-instance" xsi:noNamespaceSchemaLocation="https://maven.apache.org/surefire/maven-surefire-plugin/xsd/surefire-test-report.xsd" name="com.qa.test.DemoTest" time="0.414" tests="4" errors="0" skipped="0" failures="0">
  <properties>
    <property name="java.specification.version" value="17"/>
    <property name="sun.cpu.isalist" value="amd64"/>
    <property name="sun.jnu.encoding" value="Cp1252"/>
    <property name="java.class.path" value="C:\Users\Anagha K\eclipse-workspace\MavenDemoTest\target\test-classes;C:\Users\Anagha K\eclipse-workspace\MavenDemoTest\target\classes;C:\Users\Anagha K\.m2\repository\org\seleniumhq\selenium\selenium-java\2.28.0\selenium-java-2.28.0.jar;C:\Users\Anagha K\.m2\repository\org\seleniumhq\selenium\selenium-android-driver\2.28.0\selenium-android-driver-2.28.0.jar;C:\Users\Anagha K\.m2\repository\org\seleniumhq\selenium\selenium-remote-driver\2.28.0\selenium-remote-driver-2.28.0.jar;C:\Users\Anagha K\.m2\repository\cglib\cglib-nodep\2.1_3\cglib-nodep-2.1_3.jar;C:\Users\Anagha K\.m2\repository\org\json\json\20080701\json-20080701.jar;C:\Users\Anagha K\.m2\repository\com\google\guava\guava\13.0.1\guava-13.0.1.jar;C:\Users\Anagha K\.m2\repository\org\seleniumhq\selenium\selenium-chrome-driver\2.28.0\selenium-chrome-driver-2.28.0.jar;C:\Users\Anagha K\.m2\repository\org\seleniumhq\selenium\selenium-htmlunit-driver\2.28.0\selenium-htmlunit-driver-2.28.0.jar;C:\Users\Anagha K\.m2\repository\org\seleniumhq\selenium\selenium-api\2.28.0\selenium-api-2.28.0.jar;C:\Users\Anagha K\.m2\repository\net\sourceforge\htmlunit\htmlunit\2.11\htmlunit-2.11.jar;C:\Users\Anagha K\.m2\repository\xalan\xalan\2.7.1\xalan-2.7.1.jar;C:\Users\Anagha K\.m2\repository\xalan\serializer\2.7.1\serializer-2.7.1.jar;C:\Users\Anagha K\.m2\repository\commons-collections\commons-collections\3.2.1\commons-collections-3.2.1.jar;C:\Users\Anagha K\.m2\repository\org\apache\commons\commons-lang3\3.1\commons-lang3-3.1.jar;C:\Users\Anagha K\.m2\repository\org\apache\httpcomponents\httpmime\4.2.2\httpmime-4.2.2.jar;C:\Users\Anagha K\.m2\repository\commons-codec\commons-codec\1.7\commons-codec-1.7.jar;C:\Users\Anagha K\.m2\repository\net\sourceforge\htmlunit\htmlunit-core-js\2.11\htmlunit-core-js-2.11.jar;C:\Users\Anagha K\.m2\repository\xerces\xercesImpl\2.10.0\xercesImpl-2.10.0.jar;C:\Users\Anagha K\.m2\repository\xml-apis\xml-apis\1.4.01\xml-apis-1.4.01.jar;C:\Users\Anagha K\.m2\repository\net\sourceforge\nekohtml\nekohtml\1.9.17\nekohtml-1.9.17.jar;C:\Users\Anagha K\.m2\repository\net\sourceforge\cssparser\cssparser\0.9.8\cssparser-0.9.8.jar;C:\Users\Anagha K\.m2\repository\org\w3c\css\sac\1.3\sac-1.3.jar;C:\Users\Anagha K\.m2\repository\commons-logging\commons-logging\1.1.1\commons-logging-1.1.1.jar;C:\Users\Anagha K\.m2\repository\org\eclipse\jetty\jetty-websocket\8.1.7.v20120910\jetty-websocket-8.1.7.v20120910.jar;C:\Users\Anagha K\.m2\repository\org\eclipse\jetty\jetty-util\8.1.7.v20120910\jetty-util-8.1.7.v20120910.jar;C:\Users\Anagha K\.m2\repository\org\eclipse\jetty\jetty-io\8.1.7.v20120910\jetty-io-8.1.7.v20120910.jar;C:\Users\Anagha K\.m2\repository\org\eclipse\jetty\jetty-http\8.1.7.v20120910\jetty-http-8.1.7.v20120910.jar;C:\Users\Anagha K\.m2\repository\org\apache\httpcomponents\httpclient\4.2.1\httpclient-4.2.1.jar;C:\Users\Anagha K\.m2\repository\org\apache\httpcomponents\httpcore\4.2.1\httpcore-4.2.1.jar;C:\Users\Anagha K\.m2\repository\org\seleniumhq\selenium\selenium-firefox-driver\2.28.0\selenium-firefox-driver-2.28.0.jar;C:\Users\Anagha K\.m2\repository\commons-io\commons-io\2.2\commons-io-2.2.jar;C:\Users\Anagha K\.m2\repository\org\apache\commons\commons-exec\1.1\commons-exec-1.1.jar;C:\Users\Anagha K\.m2\repository\org\seleniumhq\selenium\selenium-ie-driver\2.28.0\selenium-ie-driver-2.28.0.jar;C:\Users\Anagha K\.m2\repository\net\java\dev\jna\jna\3.4.0\jna-3.4.0.jar;C:\Users\Anagha K\.m2\repository\net\java\dev\jna\platform\3.4.0\platform-3.4.0.jar;C:\Users\Anagha K\.m2\repository\org\seleniumhq\selenium\selenium-iphone-driver\2.28.0\selenium-iphone-driver-2.28.0.jar;C:\Users\Anagha K\.m2\repository\org\seleniumhq\selenium\selenium-safari-driver\2.28.0\selenium-safari-driver-2.28.0.jar;C:\Users\Anagha K\.m2\repository\org\seleniumhq\selenium\selenium-support\2.28.0\selenium-support-2.28.0.jar;C:\Users\Anagha K\.m2\repository\org\webbitserver\webbit\0.4.14\webbit-0.4.14.jar;C:\Users\Anagha K\.m2\repository\io\netty\netty\3.5.2.Final\netty-3.5.2.Final.jar;C:\Users\Anagha K\.m2\repository\org\testng\testng\7.6.0\testng-7.6.0.jar;C:\Users\Anagha K\.m2\repository\com\google\code\findbugs\jsr305\3.0.2\jsr305-3.0.2.jar;C:\Users\Anagha K\.m2\repository\org\slf4j\slf4j-api\1.7.36\slf4j-api-1.7.36.jar;C:\Users\Anagha K\.m2\repository\com\beust\jcommander\1.82\jcommander-1.82.jar;C:\Users\Anagha K\.m2\repository\org\webjars\jquery\3.6.0\jquery-3.6.0.jar;"/>
    <property name="java.vm.vendor" value="Eclipse Adoptium"/>
    <property name="sun.arch.data.model" value="64"/>
    <property name="user.variant" value=""/>
    <property name="java.vendor.url" value="https://adoptium.net/"/>
    <property name="user.timezone" value="Asia/Calcutta"/>
    <property name="os.name" value="Windows 10"/>
    <property name="java.vm.specification.version" value="17"/>
    <property name="sun.java.launcher" value="SUN_STANDARD"/>
    <property name="user.country" value="IN"/>
    <property name="sun.boot.library.path" value="C:\Users\Anagha K\Downloads\eclipse-java-2022-09-R-win32-x86_64\eclipse\plugins\org.eclipse.justj.openjdk.hotspot.jre.full.win32.x86_64_17.0.4.v20220903-1038\jre\bin"/>
    <property name="sun.java.command" value="C:\Users\ANAGHA~1\AppData\Local\Temp\surefire6611363872990396354\surefirebooter969192078788087332.jar C:\Users\Anagha K\AppData\Local\Temp\surefire6611363872990396354 2023-02-18T14-07-59_840-jvmRun1 surefire6489262057129844257tmp surefire_08175130945221967546tmp"/>
    <property name="jdk.debug" value="release"/>
    <property name="surefire.test.class.path" value="C:\Users\Anagha K\eclipse-workspace\MavenDemoTest\target\test-classes;C:\Users\Anagha K\eclipse-workspace\MavenDemoTest\target\classes;C:\Users\Anagha K\.m2\repository\org\seleniumhq\selenium\selenium-java\2.28.0\selenium-java-2.28.0.jar;C:\Users\Anagha K\.m2\repository\org\seleniumhq\selenium\selenium-android-driver\2.28.0\selenium-android-driver-2.28.0.jar;C:\Users\Anagha K\.m2\repository\org\seleniumhq\selenium\selenium-remote-driver\2.28.0\selenium-remote-driver-2.28.0.jar;C:\Users\Anagha K\.m2\repository\cglib\cglib-nodep\2.1_3\cglib-nodep-2.1_3.jar;C:\Users\Anagha K\.m2\repository\org\json\json\20080701\json-20080701.jar;C:\Users\Anagha K\.m2\repository\com\google\guava\guava\13.0.1\guava-13.0.1.jar;C:\Users\Anagha K\.m2\repository\org\seleniumhq\selenium\selenium-chrome-driver\2.28.0\selenium-chrome-driver-2.28.0.jar;C:\Users\Anagha K\.m2\repository\org\seleniumhq\selenium\selenium-htmlunit-driver\2.28.0\selenium-htmlunit-driver-2.28.0.jar;C:\Users\Anagha K\.m2\repository\org\seleniumhq\selenium\selenium-api\2.28.0\selenium-api-2.28.0.jar;C:\Users\Anagha K\.m2\repository\net\sourceforge\htmlunit\htmlunit\2.11\htmlunit-2.11.jar;C:\Users\Anagha K\.m2\repository\xalan\xalan\2.7.1\xalan-2.7.1.jar;C:\Users\Anagha K\.m2\repository\xalan\serializer\2.7.1\serializer-2.7.1.jar;C:\Users\Anagha K\.m2\repository\commons-collections\commons-collections\3.2.1\commons-collections-3.2.1.jar;C:\Users\Anagha K\.m2\repository\org\apache\commons\commons-lang3\3.1\commons-lang3-3.1.jar;C:\Users\Anagha K\.m2\repository\org\apache\httpcomponents\httpmime\4.2.2\httpmime-4.2.2.jar;C:\Users\Anagha K\.m2\repository\commons-codec\commons-codec\1.7\commons-codec-1.7.jar;C:\Users\Anagha K\.m2\repository\net\sourceforge\htmlunit\htmlunit-core-js\2.11\htmlunit-core-js-2.11.jar;C:\Users\Anagha K\.m2\repository\xerces\xercesImpl\2.10.0\xercesImpl-2.10.0.jar;C:\Users\Anagha K\.m2\repository\xml-apis\xml-apis\1.4.01\xml-apis-1.4.01.jar;C:\Users\Anagha K\.m2\repository\net\sourceforge\nekohtml\nekohtml\1.9.17\nekohtml-1.9.17.jar;C:\Users\Anagha K\.m2\repository\net\sourceforge\cssparser\cssparser\0.9.8\cssparser-0.9.8.jar;C:\Users\Anagha K\.m2\repository\org\w3c\css\sac\1.3\sac-1.3.jar;C:\Users\Anagha K\.m2\repository\commons-logging\commons-logging\1.1.1\commons-logging-1.1.1.jar;C:\Users\Anagha K\.m2\repository\org\eclipse\jetty\jetty-websocket\8.1.7.v20120910\jetty-websocket-8.1.7.v20120910.jar;C:\Users\Anagha K\.m2\repository\org\eclipse\jetty\jetty-util\8.1.7.v20120910\jetty-util-8.1.7.v20120910.jar;C:\Users\Anagha K\.m2\repository\org\eclipse\jetty\jetty-io\8.1.7.v20120910\jetty-io-8.1.7.v20120910.jar;C:\Users\Anagha K\.m2\repository\org\eclipse\jetty\jetty-http\8.1.7.v20120910\jetty-http-8.1.7.v20120910.jar;C:\Users\Anagha K\.m2\repository\org\apache\httpcomponents\httpclient\4.2.1\httpclient-4.2.1.jar;C:\Users\Anagha K\.m2\repository\org\apache\httpcomponents\httpcore\4.2.1\httpcore-4.2.1.jar;C:\Users\Anagha K\.m2\repository\org\seleniumhq\selenium\selenium-firefox-driver\2.28.0\selenium-firefox-driver-2.28.0.jar;C:\Users\Anagha K\.m2\repository\commons-io\commons-io\2.2\commons-io-2.2.jar;C:\Users\Anagha K\.m2\repository\org\apache\commons\commons-exec\1.1\commons-exec-1.1.jar;C:\Users\Anagha K\.m2\repository\org\seleniumhq\selenium\selenium-ie-driver\2.28.0\selenium-ie-driver-2.28.0.jar;C:\Users\Anagha K\.m2\repository\net\java\dev\jna\jna\3.4.0\jna-3.4.0.jar;C:\Users\Anagha K\.m2\repository\net\java\dev\jna\platform\3.4.0\platform-3.4.0.jar;C:\Users\Anagha K\.m2\repository\org\seleniumhq\selenium\selenium-iphone-driver\2.28.0\selenium-iphone-driver-2.28.0.jar;C:\Users\Anagha K\.m2\repository\org\seleniumhq\selenium\selenium-safari-driver\2.28.0\selenium-safari-driver-2.28.0.jar;C:\Users\Anagha K\.m2\repository\org\seleniumhq\selenium\selenium-support\2.28.0\selenium-support-2.28.0.jar;C:\Users\Anagha K\.m2\repository\org\webbitserver\webbit\0.4.14\webbit-0.4.14.jar;C:\Users\Anagha K\.m2\repository\io\netty\netty\3.5.2.Final\netty-3.5.2.Final.jar;C:\Users\Anagha K\.m2\repository\org\testng\testng\7.6.0\testng-7.6.0.jar;C:\Users\Anagha K\.m2\repository\com\google\code\findbugs\jsr305\3.0.2\jsr305-3.0.2.jar;C:\Users\Anagha K\.m2\repository\org\slf4j\slf4j-api\1.7.36\slf4j-api-1.7.36.jar;C:\Users\Anagha K\.m2\repository\com\beust\jcommander\1.82\jcommander-1.82.jar;C:\Users\Anagha K\.m2\repository\org\webjars\jquery\3.6.0\jquery-3.6.0.jar;"/>
    <property name="sun.cpu.endian" value="little"/>
    <property name="user.home" value="C:\Users\Anagha K"/>
    <property name="user.language" value="en"/>
    <property name="java.specification.vendor" value="Oracle Corporation"/>
    <property name="java.version.date" value="2022-08-12"/>
    <property name="java.home" value="C:\Users\Anagha K\Downloads\eclipse-java-2022-09-R-win32-x86_64\eclipse\plugins\org.eclipse.justj.openjdk.hotspot.jre.full.win32.x86_64_17.0.4.v20220903-1038\jre"/>
    <property name="file.separator" value="\"/>
    <property name="style.color" value="always"/>
    <property name="basedir" value="C:\Users\Anagha K\eclipse-workspace\MavenDemoTest"/>
    <property name="java.vm.compressedOopsMode" value="32-bit"/>
    <property name="line.separator" value="&#10;"/>
    <property name="java.vm.specification.vendor" value="Oracle Corporation"/>
    <property name="java.specification.name" value="Java Platform API Specification"/>
    <property name="surefire.real.class.path" value="C:\Users\ANAGHA~1\AppData\Local\Temp\surefire6611363872990396354\surefirebooter969192078788087332.jar"/>
    <property name="user.script" value=""/>
    <property name="sun.management.compiler" value="HotSpot 64-Bit Tiered Compilers"/>
    <property name="java.runtime.version" value="17.0.4.1+1"/>
    <property name="user.name" value="Anagha K"/>
    <property name="path.separator" value=";"/>
    <property name="os.version" value="10.0"/>
    <property name="java.runtime.name" value="OpenJDK Runtime Environment"/>
    <property name="file.encoding" value="Cp1252"/>
    <property name="java.vm.name" value="OpenJDK 64-Bit Server VM"/>
    <property name="java.vendor.version" value="Temurin-17.0.4.1+1"/>
    <property name="localRepository" value="C:\Users\Anagha K\.m2\repository"/>
    <property name="java.vendor.url.bug" value="https://github.com/adoptium/adoptium-support/issues"/>
    <property name="java.io.tmpdir" value="C:\Users\ANAGHA~1\AppData\Local\Temp\"/>
    <property name="java.version" value="17.0.4.1"/>
    <property name="user.dir" value="C:\Users\Anagha K\eclipse-workspace\MavenDemoTest"/>
    <property name="os.arch" value="amd64"/>
    <property name="java.vm.specification.name" value="Java Virtual Machine Specification"/>
    <property name="sun.os.patch.level" value=""/>
    <property name="native.encoding" value="Cp1252"/>
    <property name="java.library.path" value="C:\Users\Anagha K\Downloads\eclipse-java-2022-09-R-win32-x86_64\eclipse\plugins\org.eclipse.justj.openjdk.hotspot.jre.full.win32.x86_64_17.0.4.v20220903-1038\jre\bin;C:\windows\Sun\Java\bin;C:\windows\system32;C:\windows;C:/eclipse-java-2022-09-R-win32-x86_64/eclipse//plugins/org.eclipse.justj.openjdk.hotspot.jre.full.win32.x86_64_17.0.4.v20220903-1038/jre/bin/server;C:/eclipse-java-2022-09-R-win32-x86_64/eclipse//plugins/org.eclipse.justj.openjdk.hotspot.jre.full.win32.x86_64_17.0.4.v20220903-1038/jre/bin;C:\Program Files (x86)\Common Files\Oracle\Java\javapath;C:\ProgramData\Oracle\Java\javapath;C:\windows\system32;C:\windows;C:\windows\System32\Wbem;C:\windows\System32\WindowsPowerShell\v1.0\;C:\windows\System32\OpenSSH\;C:\Program Files\Java\jdk1.8.0_351\bin;C:\Users\Anagha K\Downloads\MAVEN\apache-maven-4.0.0-alpha-3\bin;C:\Program Files\Git\cmd;C:\Program Files\Git\cmd;C:\Users\Anagha K\AppData\Local\Microsoft\WindowsApps;;C:\eclipse-java-2022-09-R-win32-x86_64\eclipse;;."/>
    <property name="java.vm.info" value="mixed mode"/>
    <property name="java.vendor" value="Eclipse Adoptium"/>
    <property name="java.vm.version" value="17.0.4.1+1"/>
    <property name="sun.io.unicode.encoding" value="UnicodeLittle"/>
    <property name="java.class.version" value="61.0"/>
  </properties>
  <testcase name="avg" classname="com.qa.test.DemoTest" time="0.009"/>
  <testcase name="div" classname="com.qa.test.DemoTest" time="0"/>
  <testcase name="sub" classname="com.qa.test.DemoTest" time="0.001"/>
  <testcase name="sum" classname="com.qa.test.DemoTest" time="0"/>
</testsuite>