<?xml version="1.0" encoding="UTF-8"?>
<!-- Generated by org.testng.reporters.JUnitReportReporter -->
<testsuite hostname="LAPTOP-TUUDI5E4" failures="0" tests="4" name="com.qa.test.DemoTest" time="0.018" errors="0" timestamp="2022-12-18T19:08:11 IST" skipped="0">
  <testcase classname="com.qa.test.DemoTest" name="avg" time="0.011"/>
  <system-out/>
  <testcase classname="com.qa.test.DemoTest" name="sub" time="0.002"/>
  <system-out/>
  <testcase classname="com.qa.test.DemoTest" name="sum" time="0.002"/>
  <system-out/>
  <testcase classname="com.qa.test.DemoTest" name="div" time="0.003"/>
  <system-out/>
</testsuite> <!-- com.qa.test.DemoTest -->
